{"/home/nox/Software/inprogress/rechnung-couch/dist/rechnung-couch.js":{"path":"/home/nox/Software/inprogress/rechnung-couch/dist/rechnung-couch.js","s":{"1":1,"2":1,"3":1,"4":1,"5":31,"6":31,"7":31,"8":31,"9":1,"10":1,"11":13,"12":13,"13":13,"14":13,"15":13,"16":13,"17":13,"18":1,"19":2,"20":1,"21":2,"22":3,"23":1,"24":3,"25":3,"26":3,"27":3,"28":0,"29":3,"30":0,"31":3,"32":0,"33":3,"34":3,"35":6,"36":0,"37":3,"38":3,"39":5,"40":0,"41":3,"42":3,"43":3,"44":1,"45":1,"46":3,"47":3,"48":0,"49":3,"50":1,"51":1,"52":18,"53":18,"54":18,"55":18,"56":1,"57":5,"58":5,"59":2,"60":2,"61":3,"62":5,"63":1,"64":5,"65":1,"66":1,"67":12,"68":2,"69":2,"70":0,"71":2,"72":2,"73":2,"74":1,"75":11,"76":2,"77":0,"78":2,"79":1,"80":11,"81":1,"82":1,"83":11,"84":1},"b":{"1":[30,1],"2":[13,1],"3":[1,12],"4":[3,0],"5":[0,3],"6":[3,3],"7":[0,3],"8":[0,3],"9":[0,6],"10":[0,5],"11":[3,3],"12":[0,3],"13":[2,3],"14":[0,2],"15":[0,2]},"f":{"1":1,"2":1,"3":31,"4":1,"5":13,"6":2,"7":2,"8":3,"9":3,"10":3,"11":3,"12":1,"13":18,"14":5,"15":5,"16":12,"17":2,"18":2,"19":11,"20":2,"21":11,"22":1,"23":11,"24":0,"25":0,"26":0,"27":0},"fnMap":{"1":{"name":"(anonymous_1)","line":10,"loc":{"start":{"line":10,"column":1},"end":{"line":10,"column":12}}},"2":{"name":"(anonymous_2)","line":14,"loc":{"start":{"line":14,"column":9},"end":{"line":14,"column":20}}},"3":{"name":"(anonymous_3)","line":15,"loc":{"start":{"line":15,"column":67},"end":{"line":15,"column":79}}},"4":{"name":"(anonymous_4)","line":23,"loc":{"start":{"line":23,"column":14},"end":{"line":23,"column":25}}},"5":{"name":"Rechnung","line":24,"loc":{"start":{"line":24,"column":4},"end":{"line":24,"column":83}}},"6":{"name":"(anonymous_6)","line":34,"loc":{"start":{"line":34,"column":29},"end":{"line":34,"column":47}}},"7":{"name":"(anonymous_7)","line":38,"loc":{"start":{"line":38,"column":31},"end":{"line":38,"column":42}}},"8":{"name":"(anonymous_8)","line":39,"loc":{"start":{"line":39,"column":35},"end":{"line":39,"column":58}}},"9":{"name":"(anonymous_9)","line":44,"loc":{"start":{"line":44,"column":31},"end":{"line":44,"column":60}}},"10":{"name":"(anonymous_10)","line":79,"loc":{"start":{"line":79,"column":29},"end":{"line":79,"column":42}}},"11":{"name":"(anonymous_11)","line":80,"loc":{"start":{"line":80,"column":11},"end":{"line":80,"column":31}}},"12":{"name":"(anonymous_12)","line":88,"loc":{"start":{"line":88,"column":13},"end":{"line":88,"column":24}}},"13":{"name":"Einheit","line":89,"loc":{"start":{"line":89,"column":4},"end":{"line":89,"column":48}}},"14":{"name":"(anonymous_14)","line":96,"loc":{"start":{"line":96,"column":30},"end":{"line":96,"column":41}}},"15":{"name":"(anonymous_15)","line":107,"loc":{"start":{"line":107,"column":30},"end":{"line":107,"column":41}}},"16":{"name":"(anonymous_16)","line":115,"loc":{"start":{"line":115,"column":11},"end":{"line":115,"column":24}}},"17":{"name":"(anonymous_17)","line":116,"loc":{"start":{"line":116,"column":11},"end":{"line":116,"column":34}}},"18":{"name":"(anonymous_18)","line":117,"loc":{"start":{"line":117,"column":46},"end":{"line":117,"column":66}}},"19":{"name":"(anonymous_19)","line":128,"loc":{"start":{"line":128,"column":9},"end":{"line":128,"column":22}}},"20":{"name":"(anonymous_20)","line":129,"loc":{"start":{"line":129,"column":11},"end":{"line":129,"column":41}}},"21":{"name":"(anonymous_21)","line":137,"loc":{"start":{"line":137,"column":11},"end":{"line":137,"column":24}}},"22":{"name":"(anonymous_22)","line":138,"loc":{"start":{"line":138,"column":11},"end":{"line":138,"column":34}}},"23":{"name":"(anonymous_23)","line":146,"loc":{"start":{"line":146,"column":13},"end":{"line":146,"column":26}}},"24":{"name":"(anonymous_24)","line":148,"loc":{"start":{"line":148,"column":18},"end":{"line":148,"column":31}}},"25":{"name":"(anonymous_25)","line":149,"loc":{"start":{"line":149,"column":18},"end":{"line":149,"column":31}}},"26":{"name":"(anonymous_26)","line":150,"loc":{"start":{"line":150,"column":20},"end":{"line":150,"column":33}}},"27":{"name":"(anonymous_27)","line":151,"loc":{"start":{"line":151,"column":14},"end":{"line":151,"column":35}}}},"statementMap":{"1":{"start":{"line":10,"column":0},"end":{"line":161,"column":14}},"2":{"start":{"line":12,"column":2},"end":{"line":12,"column":67}},"3":{"start":{"line":14,"column":2},"end":{"line":21,"column":4}},"4":{"start":{"line":15,"column":4},"end":{"line":20,"column":7}},"5":{"start":{"line":16,"column":6},"end":{"line":16,"column":15}},"6":{"start":{"line":17,"column":6},"end":{"line":17,"column":33}},"7":{"start":{"line":18,"column":6},"end":{"line":18,"column":40}},"8":{"start":{"line":19,"column":6},"end":{"line":19,"column":28}},"9":{"start":{"line":23,"column":2},"end":{"line":77,"column":7}},"10":{"start":{"line":24,"column":4},"end":{"line":32,"column":5}},"11":{"start":{"line":25,"column":6},"end":{"line":25,"column":45}},"12":{"start":{"line":26,"column":6},"end":{"line":26,"column":29}},"13":{"start":{"line":27,"column":6},"end":{"line":27,"column":25}},"14":{"start":{"line":28,"column":6},"end":{"line":28,"column":33}},"15":{"start":{"line":29,"column":6},"end":{"line":29,"column":23}},"16":{"start":{"line":30,"column":6},"end":{"line":30,"column":47}},"17":{"start":{"line":31,"column":6},"end":{"line":31,"column":65}},"18":{"start":{"line":34,"column":4},"end":{"line":36,"column":6}},"19":{"start":{"line":35,"column":6},"end":{"line":35,"column":42}},"20":{"start":{"line":38,"column":4},"end":{"line":42,"column":6}},"21":{"start":{"line":39,"column":6},"end":{"line":41,"column":12}},"22":{"start":{"line":40,"column":8},"end":{"line":40,"column":37}},"23":{"start":{"line":44,"column":4},"end":{"line":73,"column":6}},"24":{"start":{"line":45,"column":6},"end":{"line":45,"column":16}},"25":{"start":{"line":46,"column":6},"end":{"line":48,"column":7}},"26":{"start":{"line":47,"column":8},"end":{"line":47,"column":24}},"27":{"start":{"line":49,"column":6},"end":{"line":51,"column":7}},"28":{"start":{"line":50,"column":8},"end":{"line":50,"column":21}},"29":{"start":{"line":52,"column":6},"end":{"line":54,"column":7}},"30":{"start":{"line":53,"column":8},"end":{"line":53,"column":21}},"31":{"start":{"line":55,"column":6},"end":{"line":57,"column":7}},"32":{"start":{"line":56,"column":8},"end":{"line":56,"column":21}},"33":{"start":{"line":58,"column":6},"end":{"line":58,"column":34}},"34":{"start":{"line":59,"column":6},"end":{"line":63,"column":7}},"35":{"start":{"line":60,"column":8},"end":{"line":62,"column":9}},"36":{"start":{"line":61,"column":10},"end":{"line":61,"column":23}},"37":{"start":{"line":64,"column":6},"end":{"line":64,"column":36}},"38":{"start":{"line":65,"column":6},"end":{"line":69,"column":7}},"39":{"start":{"line":66,"column":8},"end":{"line":68,"column":9}},"40":{"start":{"line":67,"column":10},"end":{"line":67,"column":23}},"41":{"start":{"line":70,"column":6},"end":{"line":70,"column":83}},"42":{"start":{"line":71,"column":6},"end":{"line":71,"column":36}},"43":{"start":{"line":72,"column":6},"end":{"line":72,"column":51}},"44":{"start":{"line":75,"column":4},"end":{"line":75,"column":20}},"45":{"start":{"line":79,"column":2},"end":{"line":86,"column":4}},"46":{"start":{"line":80,"column":4},"end":{"line":85,"column":6}},"47":{"start":{"line":81,"column":6},"end":{"line":83,"column":7}},"48":{"start":{"line":82,"column":8},"end":{"line":82,"column":29}},"49":{"start":{"line":84,"column":6},"end":{"line":84,"column":129}},"50":{"start":{"line":88,"column":2},"end":{"line":113,"column":7}},"51":{"start":{"line":89,"column":4},"end":{"line":94,"column":5}},"52":{"start":{"line":90,"column":6},"end":{"line":90,"column":25}},"53":{"start":{"line":91,"column":6},"end":{"line":91,"column":23}},"54":{"start":{"line":92,"column":6},"end":{"line":92,"column":25}},"55":{"start":{"line":93,"column":6},"end":{"line":93,"column":25}},"56":{"start":{"line":96,"column":4},"end":{"line":105,"column":6}},"57":{"start":{"line":97,"column":6},"end":{"line":97,"column":33}},"58":{"start":{"line":98,"column":6},"end":{"line":103,"column":7}},"59":{"start":{"line":99,"column":8},"end":{"line":99,"column":68}},"60":{"start":{"line":100,"column":8},"end":{"line":100,"column":71}},"61":{"start":{"line":102,"column":8},"end":{"line":102,"column":41}},"62":{"start":{"line":104,"column":6},"end":{"line":104,"column":32}},"63":{"start":{"line":107,"column":4},"end":{"line":109,"column":6}},"64":{"start":{"line":108,"column":6},"end":{"line":108,"column":18}},"65":{"start":{"line":111,"column":4},"end":{"line":111,"column":19}},"66":{"start":{"line":115,"column":2},"end":{"line":126,"column":4}},"67":{"start":{"line":116,"column":4},"end":{"line":125,"column":6}},"68":{"start":{"line":117,"column":6},"end":{"line":124,"column":9}},"69":{"start":{"line":118,"column":8},"end":{"line":120,"column":9}},"70":{"start":{"line":119,"column":10},"end":{"line":119,"column":31}},"71":{"start":{"line":121,"column":8},"end":{"line":121,"column":33}},"72":{"start":{"line":122,"column":8},"end":{"line":122,"column":30}},"73":{"start":{"line":123,"column":8},"end":{"line":123,"column":33}},"74":{"start":{"line":128,"column":2},"end":{"line":135,"column":4}},"75":{"start":{"line":129,"column":4},"end":{"line":134,"column":6}},"76":{"start":{"line":130,"column":6},"end":{"line":132,"column":7}},"77":{"start":{"line":131,"column":8},"end":{"line":131,"column":58}},"78":{"start":{"line":133,"column":6},"end":{"line":133,"column":67}},"79":{"start":{"line":137,"column":2},"end":{"line":141,"column":4}},"80":{"start":{"line":138,"column":4},"end":{"line":140,"column":6}},"81":{"start":{"line":139,"column":6},"end":{"line":139,"column":66}},"82":{"start":{"line":143,"column":2},"end":{"line":157,"column":4}},"83":{"start":{"line":147,"column":6},"end":{"line":155,"column":8}},"84":{"start":{"line":159,"column":2},"end":{"line":159,"column":33}}},"branchMap":{"1":{"line":18,"type":"cond-expr","locations":[{"start":{"line":18,"column":22},"end":{"line":18,"column":23}},{"start":{"line":18,"column":26},"end":{"line":18,"column":39}}]},"2":{"line":30,"type":"binary-expr","locations":[{"start":{"line":30,"column":16},"end":{"line":30,"column":36}},{"start":{"line":30,"column":40},"end":{"line":30,"column":46}}]},"3":{"line":31,"type":"cond-expr","locations":[{"start":{"line":31,"column":46},"end":{"line":31,"column":50}},{"start":{"line":31,"column":53},"end":{"line":31,"column":64}}]},"4":{"line":46,"type":"if","locations":[{"start":{"line":46,"column":6},"end":{"line":46,"column":6}},{"start":{"line":46,"column":6},"end":{"line":46,"column":6}}]},"5":{"line":49,"type":"if","locations":[{"start":{"line":49,"column":6},"end":{"line":49,"column":6}},{"start":{"line":49,"column":6},"end":{"line":49,"column":6}}]},"6":{"line":49,"type":"binary-expr","locations":[{"start":{"line":49,"column":10},"end":{"line":49,"column":18}},{"start":{"line":49,"column":22},"end":{"line":49,"column":49}}]},"7":{"line":52,"type":"if","locations":[{"start":{"line":52,"column":6},"end":{"line":52,"column":6}},{"start":{"line":52,"column":6},"end":{"line":52,"column":6}}]},"8":{"line":55,"type":"if","locations":[{"start":{"line":55,"column":6},"end":{"line":55,"column":6}},{"start":{"line":55,"column":6},"end":{"line":55,"column":6}}]},"9":{"line":60,"type":"if","locations":[{"start":{"line":60,"column":8},"end":{"line":60,"column":8}},{"start":{"line":60,"column":8},"end":{"line":60,"column":8}}]},"10":{"line":66,"type":"if","locations":[{"start":{"line":66,"column":8},"end":{"line":66,"column":8}},{"start":{"line":66,"column":8},"end":{"line":66,"column":8}}]},"11":{"line":70,"type":"binary-expr","locations":[{"start":{"line":70,"column":6},"end":{"line":70,"column":29}},{"start":{"line":70,"column":33},"end":{"line":70,"column":82}}]},"12":{"line":81,"type":"if","locations":[{"start":{"line":81,"column":6},"end":{"line":81,"column":6}},{"start":{"line":81,"column":6},"end":{"line":81,"column":6}}]},"13":{"line":98,"type":"if","locations":[{"start":{"line":98,"column":6},"end":{"line":98,"column":6}},{"start":{"line":98,"column":6},"end":{"line":98,"column":6}}]},"14":{"line":118,"type":"if","locations":[{"start":{"line":118,"column":8},"end":{"line":118,"column":8}},{"start":{"line":118,"column":8},"end":{"line":118,"column":8}}]},"15":{"line":130,"type":"if","locations":[{"start":{"line":130,"column":6},"end":{"line":130,"column":6}},{"start":{"line":130,"column":6},"end":{"line":130,"column":6}}]}}}}