{"/home/nox/Software/inprogress/rechnung-couch/dist/rechnung-couch.js":{"path":"/home/nox/Software/inprogress/rechnung-couch/dist/rechnung-couch.js","s":{"1":1,"2":1,"3":1,"4":0,"5":0,"6":0,"7":0,"8":0,"9":1,"10":1,"11":1,"12":54,"13":54,"14":54,"15":54,"16":54,"17":0,"18":54,"19":54,"20":54,"21":54,"22":1,"23":54,"24":55,"25":1,"26":2,"27":1,"28":4,"29":4,"30":5,"31":4,"32":0,"33":4,"34":1,"35":1,"36":1,"37":3,"38":3,"39":3,"40":3,"41":0,"42":3,"43":0,"44":3,"45":0,"46":3,"47":3,"48":6,"49":0,"50":3,"51":3,"52":5,"53":0,"54":3,"55":3,"56":3,"57":1,"58":3,"59":3,"60":0,"61":0,"62":3,"63":1,"64":1,"65":1,"66":0,"67":0,"68":1,"69":1,"70":1,"71":1,"72":1,"73":0,"74":0,"75":1,"76":1,"77":1,"78":1,"79":1,"80":0,"81":0,"82":1,"83":1,"84":1,"85":1,"86":13,"87":13,"88":13,"89":13,"90":1,"91":8,"92":8,"93":0,"94":8,"95":1,"96":1,"97":1,"98":135,"99":135,"100":135,"101":135,"102":1,"103":7,"104":7,"105":2,"106":2,"107":5,"108":7,"109":1,"110":5,"111":1,"112":1,"113":55,"114":1,"115":87,"116":6,"117":6,"118":0,"119":6,"120":6,"121":6,"122":1,"123":42,"124":2,"125":1,"126":2,"127":1,"128":14,"129":14,"130":14,"131":0,"132":14,"133":14,"134":14,"135":5,"136":14,"137":1,"138":168,"139":14,"140":14,"141":14,"142":14,"143":1,"144":42,"145":42,"146":42,"147":42,"148":1,"149":42,"150":1},"b":{"1":[0,0],"2":[53,1],"3":[0,54],"4":[54,0],"5":[1,53],"6":[1,53],"7":[0,4],"8":[3,0],"9":[0,3],"10":[3,3],"11":[0,3],"12":[0,3],"13":[0,6],"14":[0,5],"15":[3,3],"16":[0,3],"17":[0,1],"18":[0,1],"19":[0,1],"20":[13,0],"21":[0,8],"22":[2,5],"23":[0,6],"24":[1,1],"25":[0,14],"26":[14,0]},"f":{"1":1,"2":0,"3":0,"4":1,"5":54,"6":55,"7":2,"8":4,"9":5,"10":1,"11":3,"12":3,"13":0,"14":1,"15":0,"16":1,"17":0,"18":1,"19":0,"20":13,"21":8,"22":8,"23":1,"24":135,"25":7,"26":5,"27":55,"28":87,"29":6,"30":6,"31":42,"32":2,"33":14,"34":14,"35":168,"36":14,"37":42,"38":42,"39":42,"40":42,"41":42},"fnMap":{"1":{"name":"(anonymous_1)","line":10,"loc":{"start":{"line":10,"column":1},"end":{"line":10,"column":12}}},"2":{"name":"(anonymous_2)","line":14,"loc":{"start":{"line":14,"column":9},"end":{"line":14,"column":20}}},"3":{"name":"(anonymous_3)","line":15,"loc":{"start":{"line":15,"column":67},"end":{"line":15,"column":79}}},"4":{"name":"(anonymous_4)","line":27,"loc":{"start":{"line":27,"column":14},"end":{"line":27,"column":25}}},"5":{"name":"Rechnung","line":28,"loc":{"start":{"line":28,"column":4},"end":{"line":28,"column":83}}},"6":{"name":"(anonymous_6)","line":42,"loc":{"start":{"line":42,"column":37},"end":{"line":42,"column":55}}},"7":{"name":"(anonymous_7)","line":47,"loc":{"start":{"line":47,"column":29},"end":{"line":47,"column":47}}},"8":{"name":"(anonymous_8)","line":51,"loc":{"start":{"line":51,"column":31},"end":{"line":51,"column":42}}},"9":{"name":"(anonymous_9)","line":53,"loc":{"start":{"line":53,"column":37},"end":{"line":53,"column":60}}},"10":{"name":"(anonymous_10)","line":62,"loc":{"start":{"line":62,"column":38},"end":{"line":62,"column":49}}},"11":{"name":"(anonymous_11)","line":66,"loc":{"start":{"line":66,"column":31},"end":{"line":66,"column":60}}},"12":{"name":"(anonymous_12)","line":97,"loc":{"start":{"line":97,"column":30},"end":{"line":97,"column":47}}},"13":{"name":"(anonymous_13)","line":100,"loc":{"start":{"line":100,"column":15},"end":{"line":100,"column":28}}},"14":{"name":"(anonymous_14)","line":107,"loc":{"start":{"line":107,"column":30},"end":{"line":107,"column":47}}},"15":{"name":"(anonymous_15)","line":110,"loc":{"start":{"line":110,"column":15},"end":{"line":110,"column":28}}},"16":{"name":"(anonymous_16)","line":118,"loc":{"start":{"line":118,"column":29},"end":{"line":118,"column":46}}},"17":{"name":"(anonymous_17)","line":121,"loc":{"start":{"line":121,"column":15},"end":{"line":121,"column":28}}},"18":{"name":"(anonymous_18)","line":129,"loc":{"start":{"line":129,"column":33},"end":{"line":129,"column":50}}},"19":{"name":"(anonymous_19)","line":132,"loc":{"start":{"line":132,"column":15},"end":{"line":132,"column":28}}},"20":{"name":"(anonymous_20)","line":144,"loc":{"start":{"line":144,"column":33},"end":{"line":144,"column":48}}},"21":{"name":"(anonymous_21)","line":151,"loc":{"start":{"line":151,"column":29},"end":{"line":151,"column":42}}},"22":{"name":"(anonymous_22)","line":152,"loc":{"start":{"line":152,"column":11},"end":{"line":152,"column":31}}},"23":{"name":"(anonymous_23)","line":167,"loc":{"start":{"line":167,"column":13},"end":{"line":167,"column":24}}},"24":{"name":"Einheit","line":168,"loc":{"start":{"line":168,"column":4},"end":{"line":168,"column":48}}},"25":{"name":"(anonymous_25)","line":175,"loc":{"start":{"line":175,"column":30},"end":{"line":175,"column":41}}},"26":{"name":"(anonymous_26)","line":186,"loc":{"start":{"line":186,"column":30},"end":{"line":186,"column":41}}},"27":{"name":"(anonymous_27)","line":194,"loc":{"start":{"line":194,"column":32},"end":{"line":194,"column":47}}},"28":{"name":"(anonymous_28)","line":198,"loc":{"start":{"line":198,"column":11},"end":{"line":198,"column":24}}},"29":{"name":"(anonymous_29)","line":199,"loc":{"start":{"line":199,"column":11},"end":{"line":199,"column":34}}},"30":{"name":"(anonymous_30)","line":200,"loc":{"start":{"line":200,"column":46},"end":{"line":200,"column":66}}},"31":{"name":"(anonymous_31)","line":211,"loc":{"start":{"line":211,"column":9},"end":{"line":211,"column":22}}},"32":{"name":"(anonymous_32)","line":212,"loc":{"start":{"line":212,"column":11},"end":{"line":212,"column":41}}},"33":{"name":"(anonymous_33)","line":220,"loc":{"start":{"line":220,"column":21},"end":{"line":220,"column":34}}},"34":{"name":"(anonymous_34)","line":221,"loc":{"start":{"line":221,"column":11},"end":{"line":221,"column":31}}},"35":{"name":"(anonymous_35)","line":235,"loc":{"start":{"line":235,"column":17},"end":{"line":235,"column":44}}},"36":{"name":"(anonymous_36)","line":236,"loc":{"start":{"line":236,"column":11},"end":{"line":236,"column":32}}},"37":{"name":"(anonymous_37)","line":246,"loc":{"start":{"line":246,"column":10},"end":{"line":246,"column":23}}},"38":{"name":"(anonymous_38)","line":249,"loc":{"start":{"line":249,"column":16},"end":{"line":249,"column":29}}},"39":{"name":"(anonymous_39)","line":252,"loc":{"start":{"line":252,"column":16},"end":{"line":252,"column":29}}},"40":{"name":"(anonymous_40)","line":255,"loc":{"start":{"line":255,"column":14},"end":{"line":255,"column":27}}},"41":{"name":"(anonymous_41)","line":263,"loc":{"start":{"line":263,"column":13},"end":{"line":263,"column":26}}}},"statementMap":{"1":{"start":{"line":10,"column":0},"end":{"line":278,"column":14}},"2":{"start":{"line":12,"column":2},"end":{"line":12,"column":113}},"3":{"start":{"line":14,"column":2},"end":{"line":21,"column":4}},"4":{"start":{"line":15,"column":4},"end":{"line":20,"column":7}},"5":{"start":{"line":16,"column":6},"end":{"line":16,"column":15}},"6":{"start":{"line":17,"column":6},"end":{"line":17,"column":33}},"7":{"start":{"line":18,"column":6},"end":{"line":18,"column":40}},"8":{"start":{"line":19,"column":6},"end":{"line":19,"column":28}},"9":{"start":{"line":23,"column":2},"end":{"line":25,"column":4}},"10":{"start":{"line":27,"column":2},"end":{"line":142,"column":7}},"11":{"start":{"line":28,"column":4},"end":{"line":45,"column":5}},"12":{"start":{"line":29,"column":6},"end":{"line":29,"column":45}},"13":{"start":{"line":30,"column":6},"end":{"line":30,"column":52}},"14":{"start":{"line":31,"column":6},"end":{"line":31,"column":25}},"15":{"start":{"line":32,"column":6},"end":{"line":32,"column":23}},"16":{"start":{"line":33,"column":6},"end":{"line":35,"column":7}},"17":{"start":{"line":34,"column":8},"end":{"line":34,"column":52}},"18":{"start":{"line":36,"column":6},"end":{"line":36,"column":47}},"19":{"start":{"line":37,"column":6},"end":{"line":37,"column":65}},"20":{"start":{"line":38,"column":6},"end":{"line":38,"column":43}},"21":{"start":{"line":39,"column":6},"end":{"line":41,"column":7}},"22":{"start":{"line":40,"column":8},"end":{"line":40,"column":23}},"23":{"start":{"line":42,"column":6},"end":{"line":44,"column":9}},"24":{"start":{"line":43,"column":8},"end":{"line":43,"column":52}},"25":{"start":{"line":47,"column":4},"end":{"line":49,"column":6}},"26":{"start":{"line":48,"column":6},"end":{"line":48,"column":42}},"27":{"start":{"line":51,"column":4},"end":{"line":60,"column":6}},"28":{"start":{"line":52,"column":6},"end":{"line":52,"column":17}},"29":{"start":{"line":53,"column":6},"end":{"line":55,"column":12}},"30":{"start":{"line":54,"column":8},"end":{"line":54,"column":37}},"31":{"start":{"line":56,"column":6},"end":{"line":58,"column":7}},"32":{"start":{"line":57,"column":8},"end":{"line":57,"column":43}},"33":{"start":{"line":59,"column":6},"end":{"line":59,"column":20}},"34":{"start":{"line":62,"column":4},"end":{"line":64,"column":6}},"35":{"start":{"line":63,"column":6},"end":{"line":63,"column":55}},"36":{"start":{"line":66,"column":4},"end":{"line":95,"column":6}},"37":{"start":{"line":67,"column":6},"end":{"line":67,"column":16}},"38":{"start":{"line":68,"column":6},"end":{"line":70,"column":7}},"39":{"start":{"line":69,"column":8},"end":{"line":69,"column":24}},"40":{"start":{"line":71,"column":6},"end":{"line":73,"column":7}},"41":{"start":{"line":72,"column":8},"end":{"line":72,"column":21}},"42":{"start":{"line":74,"column":6},"end":{"line":76,"column":7}},"43":{"start":{"line":75,"column":8},"end":{"line":75,"column":21}},"44":{"start":{"line":77,"column":6},"end":{"line":79,"column":7}},"45":{"start":{"line":78,"column":8},"end":{"line":78,"column":21}},"46":{"start":{"line":80,"column":6},"end":{"line":80,"column":34}},"47":{"start":{"line":81,"column":6},"end":{"line":85,"column":7}},"48":{"start":{"line":82,"column":8},"end":{"line":84,"column":9}},"49":{"start":{"line":83,"column":10},"end":{"line":83,"column":23}},"50":{"start":{"line":86,"column":6},"end":{"line":86,"column":36}},"51":{"start":{"line":87,"column":6},"end":{"line":91,"column":7}},"52":{"start":{"line":88,"column":8},"end":{"line":90,"column":9}},"53":{"start":{"line":89,"column":10},"end":{"line":89,"column":23}},"54":{"start":{"line":92,"column":6},"end":{"line":92,"column":83}},"55":{"start":{"line":93,"column":6},"end":{"line":93,"column":36}},"56":{"start":{"line":94,"column":6},"end":{"line":94,"column":51}},"57":{"start":{"line":97,"column":4},"end":{"line":105,"column":6}},"58":{"start":{"line":98,"column":6},"end":{"line":98,"column":23}},"59":{"start":{"line":99,"column":6},"end":{"line":103,"column":7}},"60":{"start":{"line":100,"column":8},"end":{"line":102,"column":10}},"61":{"start":{"line":101,"column":10},"end":{"line":101,"column":36}},"62":{"start":{"line":104,"column":6},"end":{"line":104,"column":34}},"63":{"start":{"line":107,"column":4},"end":{"line":116,"column":6}},"64":{"start":{"line":108,"column":6},"end":{"line":108,"column":23}},"65":{"start":{"line":109,"column":6},"end":{"line":113,"column":7}},"66":{"start":{"line":110,"column":8},"end":{"line":112,"column":10}},"67":{"start":{"line":111,"column":10},"end":{"line":111,"column":36}},"68":{"start":{"line":114,"column":6},"end":{"line":114,"column":40}},"69":{"start":{"line":115,"column":6},"end":{"line":115,"column":31}},"70":{"start":{"line":118,"column":4},"end":{"line":127,"column":6}},"71":{"start":{"line":119,"column":6},"end":{"line":119,"column":23}},"72":{"start":{"line":120,"column":6},"end":{"line":124,"column":7}},"73":{"start":{"line":121,"column":8},"end":{"line":123,"column":10}},"74":{"start":{"line":122,"column":10},"end":{"line":122,"column":35}},"75":{"start":{"line":125,"column":6},"end":{"line":125,"column":40}},"76":{"start":{"line":126,"column":6},"end":{"line":126,"column":31}},"77":{"start":{"line":129,"column":4},"end":{"line":138,"column":6}},"78":{"start":{"line":130,"column":6},"end":{"line":130,"column":23}},"79":{"start":{"line":131,"column":6},"end":{"line":135,"column":7}},"80":{"start":{"line":132,"column":8},"end":{"line":134,"column":10}},"81":{"start":{"line":133,"column":10},"end":{"line":133,"column":39}},"82":{"start":{"line":136,"column":6},"end":{"line":136,"column":44}},"83":{"start":{"line":137,"column":6},"end":{"line":137,"column":31}},"84":{"start":{"line":140,"column":4},"end":{"line":140,"column":20}},"85":{"start":{"line":144,"column":2},"end":{"line":149,"column":4}},"86":{"start":{"line":145,"column":4},"end":{"line":145,"column":17}},"87":{"start":{"line":146,"column":4},"end":{"line":146,"column":119}},"88":{"start":{"line":147,"column":4},"end":{"line":147,"column":50}},"89":{"start":{"line":148,"column":4},"end":{"line":148,"column":20}},"90":{"start":{"line":151,"column":2},"end":{"line":158,"column":4}},"91":{"start":{"line":152,"column":4},"end":{"line":157,"column":6}},"92":{"start":{"line":153,"column":6},"end":{"line":155,"column":7}},"93":{"start":{"line":154,"column":8},"end":{"line":154,"column":29}},"94":{"start":{"line":156,"column":6},"end":{"line":156,"column":57}},"95":{"start":{"line":160,"column":2},"end":{"line":165,"column":4}},"96":{"start":{"line":167,"column":2},"end":{"line":192,"column":7}},"97":{"start":{"line":168,"column":4},"end":{"line":173,"column":5}},"98":{"start":{"line":169,"column":6},"end":{"line":169,"column":25}},"99":{"start":{"line":170,"column":6},"end":{"line":170,"column":23}},"100":{"start":{"line":171,"column":6},"end":{"line":171,"column":25}},"101":{"start":{"line":172,"column":6},"end":{"line":172,"column":25}},"102":{"start":{"line":175,"column":4},"end":{"line":184,"column":6}},"103":{"start":{"line":176,"column":6},"end":{"line":176,"column":33}},"104":{"start":{"line":177,"column":6},"end":{"line":182,"column":7}},"105":{"start":{"line":178,"column":8},"end":{"line":178,"column":68}},"106":{"start":{"line":179,"column":8},"end":{"line":179,"column":71}},"107":{"start":{"line":181,"column":8},"end":{"line":181,"column":41}},"108":{"start":{"line":183,"column":6},"end":{"line":183,"column":32}},"109":{"start":{"line":186,"column":4},"end":{"line":188,"column":6}},"110":{"start":{"line":187,"column":6},"end":{"line":187,"column":18}},"111":{"start":{"line":190,"column":4},"end":{"line":190,"column":19}},"112":{"start":{"line":194,"column":2},"end":{"line":196,"column":4}},"113":{"start":{"line":195,"column":4},"end":{"line":195,"column":70}},"114":{"start":{"line":198,"column":2},"end":{"line":209,"column":4}},"115":{"start":{"line":199,"column":4},"end":{"line":208,"column":6}},"116":{"start":{"line":200,"column":6},"end":{"line":207,"column":9}},"117":{"start":{"line":201,"column":8},"end":{"line":203,"column":9}},"118":{"start":{"line":202,"column":10},"end":{"line":202,"column":31}},"119":{"start":{"line":204,"column":8},"end":{"line":204,"column":33}},"120":{"start":{"line":205,"column":8},"end":{"line":205,"column":30}},"121":{"start":{"line":206,"column":8},"end":{"line":206,"column":59}},"122":{"start":{"line":211,"column":2},"end":{"line":218,"column":4}},"123":{"start":{"line":212,"column":4},"end":{"line":217,"column":6}},"124":{"start":{"line":213,"column":6},"end":{"line":215,"column":7}},"125":{"start":{"line":214,"column":8},"end":{"line":214,"column":58}},"126":{"start":{"line":216,"column":6},"end":{"line":216,"column":67}},"127":{"start":{"line":220,"column":2},"end":{"line":233,"column":4}},"128":{"start":{"line":221,"column":4},"end":{"line":232,"column":6}},"129":{"start":{"line":222,"column":6},"end":{"line":222,"column":23}},"130":{"start":{"line":223,"column":6},"end":{"line":225,"column":7}},"131":{"start":{"line":224,"column":8},"end":{"line":224,"column":29}},"132":{"start":{"line":226,"column":6},"end":{"line":226,"column":28}},"133":{"start":{"line":227,"column":6},"end":{"line":227,"column":19}},"134":{"start":{"line":228,"column":6},"end":{"line":230,"column":7}},"135":{"start":{"line":229,"column":8},"end":{"line":229,"column":74}},"136":{"start":{"line":231,"column":6},"end":{"line":231,"column":31}},"137":{"start":{"line":235,"column":2},"end":{"line":243,"column":4}},"138":{"start":{"line":236,"column":4},"end":{"line":242,"column":6}},"139":{"start":{"line":237,"column":6},"end":{"line":240,"column":7}},"140":{"start":{"line":238,"column":8},"end":{"line":238,"column":20}},"141":{"start":{"line":239,"column":8},"end":{"line":239,"column":20}},"142":{"start":{"line":241,"column":6},"end":{"line":241,"column":65}},"143":{"start":{"line":245,"column":2},"end":{"line":258,"column":4}},"144":{"start":{"line":247,"column":6},"end":{"line":247,"column":58}},"145":{"start":{"line":250,"column":6},"end":{"line":250,"column":61}},"146":{"start":{"line":253,"column":6},"end":{"line":253,"column":61}},"147":{"start":{"line":256,"column":6},"end":{"line":256,"column":59}},"148":{"start":{"line":260,"column":2},"end":{"line":274,"column":4}},"149":{"start":{"line":264,"column":6},"end":{"line":272,"column":8}},"150":{"start":{"line":276,"column":2},"end":{"line":276,"column":33}}},"branchMap":{"1":{"line":18,"type":"cond-expr","locations":[{"start":{"line":18,"column":22},"end":{"line":18,"column":23}},{"start":{"line":18,"column":26},"end":{"line":18,"column":39}}]},"2":{"line":30,"type":"cond-expr","locations":[{"start":{"line":30,"column":39},"end":{"line":30,"column":46}},{"start":{"line":30,"column":49},"end":{"line":30,"column":51}}]},"3":{"line":33,"type":"if","locations":[{"start":{"line":33,"column":6},"end":{"line":33,"column":6}},{"start":{"line":33,"column":6},"end":{"line":33,"column":6}}]},"4":{"line":36,"type":"binary-expr","locations":[{"start":{"line":36,"column":16},"end":{"line":36,"column":36}},{"start":{"line":36,"column":40},"end":{"line":36,"column":46}}]},"5":{"line":37,"type":"cond-expr","locations":[{"start":{"line":37,"column":46},"end":{"line":37,"column":50}},{"start":{"line":37,"column":53},"end":{"line":37,"column":64}}]},"6":{"line":39,"type":"if","locations":[{"start":{"line":39,"column":6},"end":{"line":39,"column":6}},{"start":{"line":39,"column":6},"end":{"line":39,"column":6}}]},"7":{"line":56,"type":"if","locations":[{"start":{"line":56,"column":6},"end":{"line":56,"column":6}},{"start":{"line":56,"column":6},"end":{"line":56,"column":6}}]},"8":{"line":68,"type":"if","locations":[{"start":{"line":68,"column":6},"end":{"line":68,"column":6}},{"start":{"line":68,"column":6},"end":{"line":68,"column":6}}]},"9":{"line":71,"type":"if","locations":[{"start":{"line":71,"column":6},"end":{"line":71,"column":6}},{"start":{"line":71,"column":6},"end":{"line":71,"column":6}}]},"10":{"line":71,"type":"binary-expr","locations":[{"start":{"line":71,"column":10},"end":{"line":71,"column":18}},{"start":{"line":71,"column":22},"end":{"line":71,"column":49}}]},"11":{"line":74,"type":"if","locations":[{"start":{"line":74,"column":6},"end":{"line":74,"column":6}},{"start":{"line":74,"column":6},"end":{"line":74,"column":6}}]},"12":{"line":77,"type":"if","locations":[{"start":{"line":77,"column":6},"end":{"line":77,"column":6}},{"start":{"line":77,"column":6},"end":{"line":77,"column":6}}]},"13":{"line":82,"type":"if","locations":[{"start":{"line":82,"column":8},"end":{"line":82,"column":8}},{"start":{"line":82,"column":8},"end":{"line":82,"column":8}}]},"14":{"line":88,"type":"if","locations":[{"start":{"line":88,"column":8},"end":{"line":88,"column":8}},{"start":{"line":88,"column":8},"end":{"line":88,"column":8}}]},"15":{"line":92,"type":"binary-expr","locations":[{"start":{"line":92,"column":6},"end":{"line":92,"column":29}},{"start":{"line":92,"column":33},"end":{"line":92,"column":82}}]},"16":{"line":99,"type":"if","locations":[{"start":{"line":99,"column":6},"end":{"line":99,"column":6}},{"start":{"line":99,"column":6},"end":{"line":99,"column":6}}]},"17":{"line":109,"type":"if","locations":[{"start":{"line":109,"column":6},"end":{"line":109,"column":6}},{"start":{"line":109,"column":6},"end":{"line":109,"column":6}}]},"18":{"line":120,"type":"if","locations":[{"start":{"line":120,"column":6},"end":{"line":120,"column":6}},{"start":{"line":120,"column":6},"end":{"line":120,"column":6}}]},"19":{"line":131,"type":"if","locations":[{"start":{"line":131,"column":6},"end":{"line":131,"column":6}},{"start":{"line":131,"column":6},"end":{"line":131,"column":6}}]},"20":{"line":147,"type":"binary-expr","locations":[{"start":{"line":147,"column":21},"end":{"line":147,"column":31}},{"start":{"line":147,"column":35},"end":{"line":147,"column":49}}]},"21":{"line":153,"type":"if","locations":[{"start":{"line":153,"column":6},"end":{"line":153,"column":6}},{"start":{"line":153,"column":6},"end":{"line":153,"column":6}}]},"22":{"line":177,"type":"if","locations":[{"start":{"line":177,"column":6},"end":{"line":177,"column":6}},{"start":{"line":177,"column":6},"end":{"line":177,"column":6}}]},"23":{"line":201,"type":"if","locations":[{"start":{"line":201,"column":8},"end":{"line":201,"column":8}},{"start":{"line":201,"column":8},"end":{"line":201,"column":8}}]},"24":{"line":213,"type":"if","locations":[{"start":{"line":213,"column":6},"end":{"line":213,"column":6}},{"start":{"line":213,"column":6},"end":{"line":213,"column":6}}]},"25":{"line":223,"type":"if","locations":[{"start":{"line":223,"column":6},"end":{"line":223,"column":6}},{"start":{"line":223,"column":6},"end":{"line":223,"column":6}}]},"26":{"line":237,"type":"if","locations":[{"start":{"line":237,"column":6},"end":{"line":237,"column":6}},{"start":{"line":237,"column":6},"end":{"line":237,"column":6}}]}}}}