TN:
SF:/home/nox/Software/inprogress/rechnung-couch/dist/rechnung-couch.js
FN:10,(anonymous_1)
FN:14,(anonymous_2)
FN:15,(anonymous_3)
FN:23,(anonymous_4)
FN:24,Rechnung
FN:34,(anonymous_6)
FN:38,(anonymous_7)
FN:39,(anonymous_8)
FN:44,(anonymous_9)
FN:79,(anonymous_10)
FN:80,(anonymous_11)
FN:88,(anonymous_12)
FN:89,Einheit
FN:96,(anonymous_14)
FN:107,(anonymous_15)
FN:115,(anonymous_16)
FN:116,(anonymous_17)
FN:117,(anonymous_18)
FN:128,(anonymous_19)
FN:129,(anonymous_20)
FN:137,(anonymous_21)
FN:138,(anonymous_22)
FN:146,(anonymous_23)
FN:148,(anonymous_24)
FN:149,(anonymous_25)
FN:150,(anonymous_26)
FN:151,(anonymous_27)
FNF:27
FNH:23
FNDA:1,(anonymous_1)
FNDA:1,(anonymous_2)
FNDA:31,(anonymous_3)
FNDA:1,(anonymous_4)
FNDA:13,Rechnung
FNDA:2,(anonymous_6)
FNDA:2,(anonymous_7)
FNDA:3,(anonymous_8)
FNDA:3,(anonymous_9)
FNDA:3,(anonymous_10)
FNDA:3,(anonymous_11)
FNDA:1,(anonymous_12)
FNDA:18,Einheit
FNDA:5,(anonymous_14)
FNDA:5,(anonymous_15)
FNDA:12,(anonymous_16)
FNDA:2,(anonymous_17)
FNDA:2,(anonymous_18)
FNDA:11,(anonymous_19)
FNDA:2,(anonymous_20)
FNDA:11,(anonymous_21)
FNDA:1,(anonymous_22)
FNDA:11,(anonymous_23)
FNDA:0,(anonymous_24)
FNDA:0,(anonymous_25)
FNDA:0,(anonymous_26)
FNDA:0,(anonymous_27)
DA:10,1
DA:12,1
DA:14,1
DA:15,1
DA:16,31
DA:17,31
DA:18,31
DA:19,31
DA:23,1
DA:24,1
DA:25,13
DA:26,13
DA:27,13
DA:28,13
DA:29,13
DA:30,13
DA:31,13
DA:34,1
DA:35,2
DA:38,1
DA:39,2
DA:40,3
DA:44,1
DA:45,3
DA:46,3
DA:47,3
DA:49,3
DA:50,0
DA:52,3
DA:53,0
DA:55,3
DA:56,0
DA:58,3
DA:59,3
DA:60,6
DA:61,0
DA:64,3
DA:65,3
DA:66,5
DA:67,0
DA:70,3
DA:71,3
DA:72,3
DA:75,1
DA:79,1
DA:80,3
DA:81,3
DA:82,0
DA:84,3
DA:88,1
DA:89,1
DA:90,18
DA:91,18
DA:92,18
DA:93,18
DA:96,1
DA:97,5
DA:98,5
DA:99,2
DA:100,2
DA:102,3
DA:104,5
DA:107,1
DA:108,5
DA:111,1
DA:115,1
DA:116,12
DA:117,2
DA:118,2
DA:119,0
DA:121,2
DA:122,2
DA:123,2
DA:128,1
DA:129,11
DA:130,2
DA:131,0
DA:133,2
DA:137,1
DA:138,11
DA:139,1
DA:143,1
DA:147,11
DA:159,1
LF:84
LH:76
BRDA:18,1,0,30
BRDA:18,1,1,1
BRDA:30,2,0,13
BRDA:30,2,1,1
BRDA:31,3,0,1
BRDA:31,3,1,12
BRDA:46,4,0,3
BRDA:46,4,1,0
BRDA:49,5,0,0
BRDA:49,5,1,3
BRDA:49,6,0,3
BRDA:49,6,1,3
BRDA:52,7,0,0
BRDA:52,7,1,3
BRDA:55,8,0,0
BRDA:55,8,1,3
BRDA:60,9,0,0
BRDA:60,9,1,6
BRDA:66,10,0,0
BRDA:66,10,1,5
BRDA:70,11,0,3
BRDA:70,11,1,3
BRDA:81,12,0,0
BRDA:81,12,1,3
BRDA:98,13,0,2
BRDA:98,13,1,3
BRDA:118,14,0,0
BRDA:118,14,1,2
BRDA:130,15,0,0
BRDA:130,15,1,2
BRF:30
BRH:21
end_of_record
