TN:
SF:/home/nox/Software/inprogress/rechnung-couch/dist/rechnung-couch.js
FN:10,(anonymous_1)
FN:14,(anonymous_2)
FN:15,(anonymous_3)
FN:27,(anonymous_4)
FN:28,Rechnung
FN:42,(anonymous_6)
FN:47,(anonymous_7)
FN:51,(anonymous_8)
FN:53,(anonymous_9)
FN:62,(anonymous_10)
FN:66,(anonymous_11)
FN:97,(anonymous_12)
FN:100,(anonymous_13)
FN:107,(anonymous_14)
FN:110,(anonymous_15)
FN:118,(anonymous_16)
FN:121,(anonymous_17)
FN:129,(anonymous_18)
FN:132,(anonymous_19)
FN:144,(anonymous_20)
FN:151,(anonymous_21)
FN:152,(anonymous_22)
FN:167,(anonymous_23)
FN:168,Einheit
FN:175,(anonymous_25)
FN:186,(anonymous_26)
FN:194,(anonymous_27)
FN:198,(anonymous_28)
FN:199,(anonymous_29)
FN:200,(anonymous_30)
FN:211,(anonymous_31)
FN:212,(anonymous_32)
FN:220,(anonymous_33)
FN:221,(anonymous_34)
FN:235,(anonymous_35)
FN:236,(anonymous_36)
FN:246,(anonymous_37)
FN:249,(anonymous_38)
FN:252,(anonymous_39)
FN:255,(anonymous_40)
FN:263,(anonymous_41)
FNF:41
FNH:35
FNDA:1,(anonymous_1)
FNDA:0,(anonymous_2)
FNDA:0,(anonymous_3)
FNDA:1,(anonymous_4)
FNDA:54,Rechnung
FNDA:55,(anonymous_6)
FNDA:2,(anonymous_7)
FNDA:4,(anonymous_8)
FNDA:5,(anonymous_9)
FNDA:1,(anonymous_10)
FNDA:3,(anonymous_11)
FNDA:3,(anonymous_12)
FNDA:0,(anonymous_13)
FNDA:1,(anonymous_14)
FNDA:0,(anonymous_15)
FNDA:1,(anonymous_16)
FNDA:0,(anonymous_17)
FNDA:1,(anonymous_18)
FNDA:0,(anonymous_19)
FNDA:13,(anonymous_20)
FNDA:8,(anonymous_21)
FNDA:8,(anonymous_22)
FNDA:1,(anonymous_23)
FNDA:135,Einheit
FNDA:7,(anonymous_25)
FNDA:5,(anonymous_26)
FNDA:55,(anonymous_27)
FNDA:87,(anonymous_28)
FNDA:6,(anonymous_29)
FNDA:6,(anonymous_30)
FNDA:42,(anonymous_31)
FNDA:2,(anonymous_32)
FNDA:14,(anonymous_33)
FNDA:14,(anonymous_34)
FNDA:168,(anonymous_35)
FNDA:14,(anonymous_36)
FNDA:42,(anonymous_37)
FNDA:42,(anonymous_38)
FNDA:42,(anonymous_39)
FNDA:42,(anonymous_40)
FNDA:42,(anonymous_41)
DA:10,1
DA:12,1
DA:14,1
DA:15,0
DA:16,0
DA:17,0
DA:18,0
DA:19,0
DA:23,1
DA:27,1
DA:28,1
DA:29,54
DA:30,54
DA:31,54
DA:32,54
DA:33,54
DA:34,0
DA:36,54
DA:37,54
DA:38,54
DA:39,54
DA:40,1
DA:42,54
DA:43,55
DA:47,1
DA:48,2
DA:51,1
DA:52,4
DA:53,4
DA:54,5
DA:56,4
DA:57,0
DA:59,4
DA:62,1
DA:63,1
DA:66,1
DA:67,3
DA:68,3
DA:69,3
DA:71,3
DA:72,0
DA:74,3
DA:75,0
DA:77,3
DA:78,0
DA:80,3
DA:81,3
DA:82,6
DA:83,0
DA:86,3
DA:87,3
DA:88,5
DA:89,0
DA:92,3
DA:93,3
DA:94,3
DA:97,1
DA:98,3
DA:99,3
DA:100,0
DA:101,0
DA:104,3
DA:107,1
DA:108,1
DA:109,1
DA:110,0
DA:111,0
DA:114,1
DA:115,1
DA:118,1
DA:119,1
DA:120,1
DA:121,0
DA:122,0
DA:125,1
DA:126,1
DA:129,1
DA:130,1
DA:131,1
DA:132,0
DA:133,0
DA:136,1
DA:137,1
DA:140,1
DA:144,1
DA:145,13
DA:146,13
DA:147,13
DA:148,13
DA:151,1
DA:152,8
DA:153,8
DA:154,0
DA:156,8
DA:160,1
DA:167,1
DA:168,1
DA:169,135
DA:170,135
DA:171,135
DA:172,135
DA:175,1
DA:176,7
DA:177,7
DA:178,2
DA:179,2
DA:181,5
DA:183,7
DA:186,1
DA:187,5
DA:190,1
DA:194,1
DA:195,55
DA:198,1
DA:199,87
DA:200,6
DA:201,6
DA:202,0
DA:204,6
DA:205,6
DA:206,6
DA:211,1
DA:212,42
DA:213,2
DA:214,1
DA:216,2
DA:220,1
DA:221,14
DA:222,14
DA:223,14
DA:224,0
DA:226,14
DA:227,14
DA:228,14
DA:229,5
DA:231,14
DA:235,1
DA:236,168
DA:237,14
DA:238,14
DA:239,14
DA:241,14
DA:245,1
DA:247,42
DA:250,42
DA:253,42
DA:256,42
DA:260,1
DA:264,42
DA:276,1
LF:150
LH:127
BRDA:18,1,0,0
BRDA:18,1,1,0
BRDA:30,2,0,53
BRDA:30,2,1,1
BRDA:33,3,0,0
BRDA:33,3,1,54
BRDA:36,4,0,54
BRDA:36,4,1,0
BRDA:37,5,0,1
BRDA:37,5,1,53
BRDA:39,6,0,1
BRDA:39,6,1,53
BRDA:56,7,0,0
BRDA:56,7,1,4
BRDA:68,8,0,3
BRDA:68,8,1,0
BRDA:71,9,0,0
BRDA:71,9,1,3
BRDA:71,10,0,3
BRDA:71,10,1,3
BRDA:74,11,0,0
BRDA:74,11,1,3
BRDA:77,12,0,0
BRDA:77,12,1,3
BRDA:82,13,0,0
BRDA:82,13,1,6
BRDA:88,14,0,0
BRDA:88,14,1,5
BRDA:92,15,0,3
BRDA:92,15,1,3
BRDA:99,16,0,0
BRDA:99,16,1,3
BRDA:109,17,0,0
BRDA:109,17,1,1
BRDA:120,18,0,0
BRDA:120,18,1,1
BRDA:131,19,0,0
BRDA:131,19,1,1
BRDA:147,20,0,13
BRDA:147,20,1,0
BRDA:153,21,0,0
BRDA:153,21,1,8
BRDA:177,22,0,2
BRDA:177,22,1,5
BRDA:201,23,0,0
BRDA:201,23,1,6
BRDA:213,24,0,1
BRDA:213,24,1,1
BRDA:223,25,0,0
BRDA:223,25,1,14
BRDA:237,26,0,14
BRDA:237,26,1,0
BRF:52
BRH:32
end_of_record
